<?xml version="1.0" encoding="UTF-8" ?>
<testsuites disabled="0" errors="0" failures="0" tests="11" time="24.31">
 <testsuite name="Basic tests for ToDo app" timestamp="2022-07-03T23:05:38" hostname="localhost" time="24.31" errors="0" tests="11" skipped="0" disabled="0" failures="0">
  <testcase classname="Basic tests for ToDo app" name="should open todos application" time="22.337" />
  <testcase classname="Basic tests for ToDo app" name="add 1 item to list" time="0.223" />
  <testcase classname="Basic tests for ToDo app" name="add multiple items to list" time="0.254" />
  <testcase classname="Basic tests for ToDo app" name="mark 2 items complete" time="0.194" />
  <testcase classname="Basic tests for ToDo app" name="delete 1 item" time="0.187" />
  <testcase classname="Basic tests for ToDo app" name="edit 1 item" time="0.192" />
  <testcase classname="Basic tests for ToDo app" name="add duplicate items" time="0.227" />
  <testcase classname="Basic tests for ToDo app" name="edit completed item" time="0.162" />
  <testcase classname="Basic tests for ToDo app" name="add blank spaces" time="0.166" />
  <testcase classname="Basic tests for ToDo app" name="add other langugage script" time="0.188" />
  <testcase classname="Basic tests for ToDo app" name="clear completed items" time="0.173" />
 </testsuite>
</testsuites>